<?xml version="1.0" encoding="UTF-8"?>
<!-- Generated by org.testng.reporters.JUnitXMLReporter -->
<testsuite ignored="0" hostname="DESKTOP-E9O47MM" failures="1" tests="2" name="Erro  Validation Test" time="20.822" errors="0" timestamp="2024-04-02T11:43:24 IST">
  <testcase classname="OmkarIngale.SeleniumFrameworkDesign.ErrorValidationsTest" name="loginErrorValidation" time="1.627">
    <failure type="java.lang.AssertionError" message="expected [Incorrect email or password.] but found [Incorrect  or password.]">
      <![CDATA[java.lang.AssertionError: expected [Incorrect email or password.] but found [Incorrect  or password.]
at OmkarIngale.SeleniumFrameworkDesign.ErrorValidationsTest.loginErrorValidation(ErrorValidationsTest.java:34)
at java.base/java.util.ArrayList.forEach(ArrayList.java:1511)
at java.base/java.util.concurrent.FutureTask.run(FutureTask.java:264)
at java.base/java.util.concurrent.ThreadPoolExecutor.runWorker(ThreadPoolExecutor.java:1136)
at java.base/java.util.concurrent.ThreadPoolExecutor$Worker.run(ThreadPoolExecutor.java:635)
at java.base/java.lang.Thread.run(Thread.java:833)
... Removed 24 stack frames]]>
    </failure>
  </testcase> <!-- loginErrorValidation -->
  <testcase classname="OmkarIngale.SeleniumFrameworkDesign.ErrorValidationsTest" name="productErrorValidation" time="4.01"/>
</testsuite> <!-- Erro  Validation Test -->
